TN:
SF:src/App.js
FN:6,App
FNF:1
FNH:1
FNDA:2,App
DA:7,2
DA:8,2
DA:10,2
LF:3
LH:3
BRDA:11,0,0,0
BRDA:11,0,1,2
BRDA:18,1,0,0
BRDA:18,1,1,2
BRDA:25,2,0,2
BRDA:25,2,1,0
BRF:6
BRH:3
end_of_record
TN:
SF:src/index.js
FNF:0
FNH:0
DA:9,0
DA:10,0
DA:23,0
LF:3
LH:0
BRF:0
BRH:0
end_of_record
TN:
SF:src/reportWebVitals.js
FN:1,(anonymous_0)
FN:3,(anonymous_1)
FNF:2
FNH:0
FNDA:0,(anonymous_0)
FNDA:0,(anonymous_1)
DA:1,0
DA:2,0
DA:3,0
DA:4,0
DA:5,0
DA:6,0
DA:7,0
DA:8,0
LF:8
LH:0
BRDA:2,0,0,0
BRDA:2,0,1,0
BRDA:2,1,0,0
BRDA:2,1,1,0
BRF:4
BRH:0
end_of_record
TN:
SF:src/contexts/LanguageContext.js
FN:6,(anonymous_0)
FN:14,(anonymous_1)
FN:15,(anonymous_2)
FN:20,(anonymous_3)
FN:26,(anonymous_4)
FN:27,(anonymous_5)
FN:30,(anonymous_6)
FNF:7
FNH:4
FNDA:2,(anonymous_0)
FNDA:2,(anonymous_1)
FNDA:2,(anonymous_2)
FNDA:2,(anonymous_3)
FNDA:0,(anonymous_4)
FNDA:0,(anonymous_5)
FNDA:0,(anonymous_6)
DA:4,1
DA:6,1
DA:7,2
DA:8,2
DA:9,0
DA:11,2
DA:14,1
DA:15,2
DA:16,2
DA:17,2
DA:20,2
DA:21,2
DA:24,2
DA:26,2
DA:27,0
DA:30,2
DA:31,0
DA:34,2
LF:18
LH:15
BRDA:8,0,0,0
BRDA:8,0,1,2
BRDA:17,1,0,2
BRDA:17,1,1,1
BRDA:27,2,0,0
BRDA:27,2,1,0
BRF:6
BRH:3
end_of_record
TN:
SF:src/contexts/ThemeContext.js
FN:5,(anonymous_0)
FN:13,(anonymous_1)
FN:14,(anonymous_2)
FN:19,(anonymous_3)
FN:23,(anonymous_4)
FNF:5
FNH:4
FNDA:2,(anonymous_0)
FNDA:2,(anonymous_1)
FNDA:2,(anonymous_2)
FNDA:2,(anonymous_3)
FNDA:0,(anonymous_4)
DA:3,1
DA:5,1
DA:6,2
DA:7,2
DA:8,0
DA:10,2
DA:13,1
DA:14,2
DA:15,2
DA:16,2
DA:19,2
DA:20,2
DA:23,2
DA:24,0
DA:27,2
LF:15
LH:13
BRDA:7,0,0,0
BRDA:7,0,1,2
BRDA:16,1,0,1
BRDA:16,1,1,1
BRDA:20,2,0,0
BRDA:20,2,1,2
BRF:6
BRH:4
end_of_record
TN:
SF:src/locales/translations.js
FNF:0
FNH:0
DA:1,1
LF:1
LH:1
BRF:0
BRH:0
end_of_record
